2019-01-08[09:02:09][INF]:==== CSERVER2TCP 服务启动 ====
2019-01-08[09:02:09][INF]:m_bThreadStop is false
2019-01-08[09:02:09][INF]:finish socket bind listen
2019-01-08[09:02:09][INF]:start thread MultiThreadFunc UdpFindThreadFunc
2019-01-08[09:02:11][INF]:ListenTaskMain select 00000
2019-01-08[09:02:13][INF]:ListenTaskMain select 00000
2019-01-08[09:02:15][INF]:ListenTaskMain select 00000
2019-01-08[09:02:17][INF]:ListenTaskMain select 00000
2019-01-08[09:02:19][INF]:m_bUninit FALSE
2019-01-08[09:02:19][INF]:FindObjList(dwtempIP)==1
2019-01-08[09:02:19][INF]:**** Accept2Process 服务开始 ***
2019-01-08[09:02:19][INF]:before select,maxfd=913
2019-01-08[09:02:19][INF]:end select
2019-01-08[09:02:19][INF]:p_read_fd
2019-01-08[09:02:19][INF]:FD_ISSET(fd_array[index], p_read_fd)
2019-01-08[09:02:19][INF]:recv common head success
2019-01-08[09:02:19][INF]:CMD_LOGON
2019-01-08[09:02:19][INF]:CMD_LOGON finish
2019-01-08[09:02:19][INF]:finish OnRecvDataPro
2019-01-08[09:02:19][INF]:before select,maxfd=913
2019-01-08[09:02:21][INF]:ListenTaskMain select 00000
2019-01-08[09:02:22][INF]:end select
2019-01-08[09:02:22][INF]:ret == 0
2019-01-08[09:02:22][INF]:before select,maxfd=913
2019-01-08[09:02:23][INF]:ListenTaskMain select 00000
2019-01-08[09:02:25][INF]:ListenTaskMain select 00000
2019-01-08[09:02:25][INF]:end select
2019-01-08[09:02:25][INF]:ret == 0
2019-01-08[09:02:25][INF]:before select,maxfd=913
2019-01-08[09:02:27][INF]:ListenTaskMain select 00000
2019-01-08[09:02:28][INF]:end select
2019-01-08[09:02:28][INF]:ret == 0
2019-01-08[09:02:28][INF]:before select,maxfd=913
2019-01-08[09:02:29][INF]:ListenTaskMain select 00000
2019-01-08[09:02:31][INF]:ListenTaskMain select 00000
2019-01-08[09:02:31][INF]:end select
2019-01-08[09:02:31][INF]:ret == 0
2019-01-08[09:02:31][INF]:before select,maxfd=913
2019-01-08[09:02:33][INF]:ListenTaskMain select 00000
2019-01-08[09:02:34][INF]:end select
2019-01-08[09:02:34][INF]:ret == 0
2019-01-08[09:02:34][INF]:before select,maxfd=913
2019-01-08[09:02:35][INF]:ListenTaskMain select 00000
2019-01-08[09:02:37][INF]:ListenTaskMain select 00000
2019-01-08[09:02:37][INF]:end select
2019-01-08[09:02:37][INF]:ret == 0
2019-01-08[09:02:37][INF]:before select,maxfd=913
2019-01-08[09:02:39][INF]:ListenTaskMain select 00000
2019-01-08[09:02:40][INF]:end select
2019-01-08[09:02:40][INF]:ret == 0
2019-01-08[09:02:40][INF]:before select,maxfd=913
2019-01-08[09:02:40][INF]:end select
2019-01-08[09:02:40][INF]:p_read_fd
2019-01-08[09:02:40][INF]:FD_ISSET(fd_array[index], p_read_fd)
2019-01-08[09:02:40][INF]:recv common head success
2019-01-08[09:02:40][INF]:CMD_HEARBEAT
2019-01-08[09:02:40][INF]:finish OnRecvDataPro
2019-01-08[09:02:40][INF]:before select,maxfd=913
2019-01-08[09:02:41][INF]:ListenTaskMain select 00000
2019-01-08[09:02:42][INF]:=========XSEARCH_COND_S size = 256
2019-01-08[09:02:42][INF]:end select
2019-01-08[09:02:42][INF]:p_read_fd
2019-01-08[09:02:42][INF]:FD_ISSET(fd_array[index], p_read_fd)
2019-01-08[09:02:42][INF]:recv common head success
2019-01-08[09:02:42][INF]:deal with cmd search open
2019-01-08[09:02:42][INF]:finish OnRecvDataPro
2019-01-08[09:02:42][INF]:before select,maxfd=913
2019-01-08[09:02:42][INF]:end select
2019-01-08[09:02:42][INF]:p_read_fd
2019-01-08[09:02:42][INF]:FD_ISSET(fd_array[index], p_read_fd)
2019-01-08[09:02:42][INF]:recv common head success
2019-01-08[09:02:42][INF]:deal with cmd search read
2019-01-08[09:02:42][INF]:finish OnRecvDataPro
2019-01-08[09:02:42][INF]:before select,maxfd=913
2019-01-08[09:02:43][INF]:ListenTaskMain select 00000
2019-01-08[09:02:45][INF]:end select
2019-01-08[09:02:45][INF]:ret == 0
2019-01-08[09:02:45][INF]:before select,maxfd=913
2019-01-08[09:02:45][INF]:ListenTaskMain select 00000
2019-01-08[09:02:47][INF]:ListenTaskMain select 00000
2019-01-08[09:02:48][INF]:end select
2019-01-08[09:02:48][INF]:ret == 0
2019-01-08[09:02:48][INF]:before select,maxfd=913
2019-01-08[09:02:49][INF]:ListenTaskMain select 00000
2019-01-08[09:02:51][INF]:end select
2019-01-08[09:02:51][INF]:ret == 0
2019-01-08[09:02:51][INF]:before select,maxfd=913
2019-01-08[09:02:51][INF]:ListenTaskMain select 00000
2019-01-08[09:02:53][INF]:ListenTaskMain select 00000
2019-01-08[09:02:54][INF]:end select
2019-01-08[09:02:54][INF]:ret == 0
2019-01-08[09:02:54][INF]:before select,maxfd=913
2019-01-08[09:02:55][INF]:ListenTaskMain select 00000
2019-01-08[09:02:57][INF]:end select
2019-01-08[09:02:57][INF]:ret == 0
2019-01-08[09:02:57][INF]:*** Accept2Process 服务停止 ***
2019-01-08[09:03:53][INF]:==== CSERVER2TCP 服务启动 ====
2019-01-08[09:03:53][INF]:m_bThreadStop is false
2019-01-08[09:03:53][INF]:finish socket bind listen
2019-01-08[09:03:53][INF]:start thread MultiThreadFunc UdpFindThreadFunc
2019-01-08[09:03:54][INF]:m_bUninit FALSE
2019-01-08[09:03:54][INF]:FindObjList(dwtempIP)==1
2019-01-08[09:03:54][INF]:**** Accept2Process 服务开始 ***
2019-01-08[09:03:55][INF]:before select,maxfd=913
2019-01-08[09:03:55][INF]:end select
2019-01-08[09:03:55][INF]:p_read_fd
2019-01-08[09:03:55][INF]:FD_ISSET(fd_array[index], p_read_fd)
2019-01-08[09:03:55][INF]:recv common head success
2019-01-08[09:03:55][INF]:CMD_LOGON
2019-01-08[09:03:55][INF]:CMD_LOGON finish
2019-01-08[09:03:55][INF]:finish OnRecvDataPro
2019-01-08[09:03:55][INF]:before select,maxfd=913
2019-01-08[09:03:57][INF]:ListenTaskMain select 00000
2019-01-08[09:03:58][INF]:end select
2019-01-08[09:03:58][INF]:ret == 0
2019-01-08[09:03:58][INF]:before select,maxfd=913
2019-01-08[09:03:59][INF]:ListenTaskMain select 00000
2019-01-08[09:04:00][INF]:=========XSEARCH_COND_S size = 256
2019-01-08[09:04:00][INF]:end select
2019-01-08[09:04:00][INF]:p_read_fd
2019-01-08[09:04:00][INF]:FD_ISSET(fd_array[index], p_read_fd)
2019-01-08[09:04:00][INF]:recv common head success
2019-01-08[09:04:00][INF]:deal with cmd search open
2019-01-08[09:04:00][INF]:finish OnRecvDataPro
2019-01-08[09:04:00][INF]:before select,maxfd=913
2019-01-08[09:04:00][INF]:end select
2019-01-08[09:04:00][INF]:p_read_fd
2019-01-08[09:04:00][INF]:FD_ISSET(fd_array[index], p_read_fd)
2019-01-08[09:04:00][INF]:recv common head success
2019-01-08[09:04:00][INF]:deal with cmd search read
2019-01-08[09:04:00][INF]:finish OnRecvDataPro
2019-01-08[09:04:00][INF]:before select,maxfd=913
2019-01-08[09:04:01][INF]:ListenTaskMain select 00000
2019-01-08[09:04:03][INF]:ListenTaskMain select 00000
2019-01-08[09:04:03][INF]:end select
2019-01-08[09:04:03][INF]:ret == 0
2019-01-08[09:04:03][INF]:before select,maxfd=913
2019-01-08[09:04:05][INF]:ListenTaskMain select 00000
2019-01-08[09:04:06][INF]:end select
2019-01-08[09:04:06][INF]:ret == 0
2019-01-08[09:04:06][INF]:*** Accept2Process 服务停止 ***
2019-01-08[09:05:19][INF]:==== CSERVER2TCP 服务启动 ====
2019-01-08[09:05:19][INF]:m_bThreadStop is false
2019-01-08[09:05:19][INF]:ListenTaskMain socket bind err
2019-01-08[09:05:21][INF]:m_bThreadStop is false
2019-01-08[09:05:21][INF]:ListenTaskMain socket bind err
2019-01-08[09:05:23][INF]:m_bThreadStop is false
2019-01-08[09:05:23][INF]:ListenTaskMain socket bind err
2019-01-08[09:05:25][INF]:m_bThreadStop is false
2019-01-08[09:05:25][INF]:ListenTaskMain socket bind err
2019-01-08[09:05:27][INF]:m_bThreadStop is false
2019-01-08[09:05:27][INF]:ListenTaskMain socket bind err
2019-01-08[09:05:29][INF]:m_bThreadStop is false
2019-01-08[09:05:29][INF]:ListenTaskMain socket bind err
2019-01-08[09:05:31][INF]:m_bThreadStop is false
2019-01-08[09:05:31][INF]:ListenTaskMain socket bind err
2019-01-08[09:05:35][INF]:==== CSERVER2TCP 服务启动 ====
2019-01-08[09:05:35][INF]:m_bThreadStop is false
2019-01-08[09:05:35][INF]:ListenTaskMain socket bind err
2019-01-08[09:05:37][INF]:m_bThreadStop is false
2019-01-08[09:05:37][INF]:ListenTaskMain socket bind err
2019-01-08[09:05:39][INF]:m_bThreadStop is false
2019-01-08[09:05:39][INF]:ListenTaskMain socket bind err
2019-01-08[09:05:41][INF]:m_bThreadStop is false
2019-01-08[09:05:41][INF]:ListenTaskMain socket bind err
2019-01-08[09:05:43][INF]:m_bThreadStop is false
2019-01-08[09:05:43][INF]:ListenTaskMain socket bind err
2019-01-08[09:05:45][INF]:m_bThreadStop is false
2019-01-08[09:05:45][INF]:ListenTaskMain socket bind err
2019-01-08[09:05:47][INF]:m_bThreadStop is false
2019-01-08[09:05:47][INF]:ListenTaskMain socket bind err
2019-01-08[09:05:51][INF]:==== CSERVER2TCP 服务启动 ====
2019-01-08[09:05:51][INF]:m_bThreadStop is false
2019-01-08[09:05:51][INF]:finish socket bind listen
2019-01-08[09:05:51][INF]:start thread MultiThreadFunc UdpFindThreadFunc
2019-01-08[09:05:53][INF]:ListenTaskMain select 00000
2019-01-08[09:05:53][INF]:m_bUninit FALSE
2019-01-08[09:05:53][INF]:FindObjList(dwtempIP)==1
2019-01-08[09:05:53][INF]:**** Accept2Process 服务开始 ***
2019-01-08[09:05:54][INF]:before select,maxfd=909
2019-01-08[09:05:54][INF]:end select
2019-01-08[09:05:54][INF]:p_read_fd
2019-01-08[09:05:54][INF]:FD_ISSET(fd_array[index], p_read_fd)
2019-01-08[09:05:54][INF]:recv common head success
2019-01-08[09:05:54][INF]:CMD_LOGON
2019-01-08[09:05:54][INF]:CMD_LOGON finish
2019-01-08[09:05:54][INF]:finish OnRecvDataPro
2019-01-08[09:05:54][INF]:before select,maxfd=909
2019-01-08[09:05:56][INF]:ListenTaskMain select 00000
2019-01-08[09:05:57][INF]:end select
2019-01-08[09:05:57][INF]:ret == 0
2019-01-08[09:05:57][INF]:before select,maxfd=909
2019-01-08[09:05:58][INF]:ListenTaskMain select 00000
2019-01-08[09:05:59][INF]:=========XSEARCH_COND_S size = 256
2019-01-08[09:05:59][INF]:end select
2019-01-08[09:05:59][INF]:p_read_fd
2019-01-08[09:05:59][INF]:FD_ISSET(fd_array[index], p_read_fd)
2019-01-08[09:05:59][INF]:recv common head success
2019-01-08[09:05:59][INF]:deal with cmd search open
2019-01-08[09:05:59][INF]:finish OnRecvDataPro
2019-01-08[09:05:59][INF]:before select,maxfd=909
2019-01-08[09:05:59][INF]:end select
2019-01-08[09:05:59][INF]:p_read_fd
2019-01-08[09:05:59][INF]:FD_ISSET(fd_array[index], p_read_fd)
2019-01-08[09:05:59][INF]:recv common head success
2019-01-08[09:05:59][INF]:deal with cmd search read
2019-01-08[09:05:59][INF]:finish OnRecvDataPro
2019-01-08[09:05:59][INF]:before select,maxfd=909
2019-01-08[09:06:00][INF]:ListenTaskMain select 00000
2019-01-08[09:06:02][INF]:ListenTaskMain select 00000
2019-01-08[09:06:02][INF]:end select
2019-01-08[09:06:02][INF]:ret == 0
2019-01-08[09:06:02][INF]:before select,maxfd=909
2019-01-08[09:06:04][INF]:ListenTaskMain select 00000
2019-01-08[09:06:05][INF]:end select
2019-01-08[09:06:05][INF]:ret == 0
2019-01-08[09:06:05][INF]:before select,maxfd=909
2019-01-08[09:06:06][INF]:ListenTaskMain select 00000
2019-01-08[09:06:08][INF]:ListenTaskMain select 00000
2019-01-08[09:06:08][INF]:end select
2019-01-08[09:06:08][INF]:ret == 0
2019-01-08[09:06:08][INF]:before select,maxfd=909
2019-01-08[09:06:10][INF]:ListenTaskMain select 00000
2019-01-08[09:06:11][INF]:end select
2019-01-08[09:06:11][INF]:ret == 0
2019-01-08[09:06:11][INF]:before select,maxfd=909
2019-01-08[09:06:12][INF]:ListenTaskMain select 00000
2019-01-08[09:06:14][INF]:ListenTaskMain select 00000
2019-01-08[09:06:14][INF]:end select
2019-01-08[09:06:14][INF]:ret == 0
2019-01-08[09:06:14][INF]:before select,maxfd=909
2019-01-08[09:06:16][INF]:ListenTaskMain select 00000
2019-01-08[09:06:17][INF]:end select
2019-01-08[09:06:17][INF]:ret == 0
2019-01-08[09:06:17][INF]:before select,maxfd=909
2019-01-08[09:06:18][INF]:ListenTaskMain select 00000
2019-01-08[09:06:20][INF]:ListenTaskMain select 00000
2019-01-08[09:06:20][INF]:end select
2019-01-08[09:06:20][INF]:ret == 0
2019-01-08[09:06:20][INF]:before select,maxfd=909
2019-01-08[09:06:20][INF]:end select
2019-01-08[09:06:20][INF]:p_read_fd
2019-01-08[09:06:20][INF]:FD_ISSET(fd_array[index], p_read_fd)
2019-01-08[09:06:20][INF]:recv common head success
2019-01-08[09:06:20][INF]:CMD_HEARBEAT
2019-01-08[09:06:20][INF]:finish OnRecvDataPro
2019-01-08[09:06:20][INF]:before select,maxfd=909
2019-01-08[09:06:22][INF]:ListenTaskMain select 00000
2019-01-08[09:06:23][INF]:end select
2019-01-08[09:06:23][INF]:ret == 0
2019-01-08[09:06:23][INF]:before select,maxfd=909
2019-01-08[09:06:24][INF]:ListenTaskMain select 00000
2019-01-08[09:06:26][INF]:ListenTaskMain select 00000
2019-01-08[09:06:26][INF]:end select
2019-01-08[09:06:26][INF]:ret == 0
2019-01-08[09:06:26][INF]:*** Accept2Process 服务停止 ***
2019-01-08[09:54:04][INF]:==== CSERVER2TCP 服务启动 ====
2019-01-08[09:54:04][INF]:m_bThreadStop is false
2019-01-08[09:54:04][INF]:ListenTaskMain socket bind err
2019-01-08[09:54:06][INF]:m_bThreadStop is false
2019-01-08[09:54:06][INF]:ListenTaskMain socket bind err
2019-01-08[09:54:08][INF]:m_bThreadStop is false
2019-01-08[09:54:08][INF]:ListenTaskMain socket bind err
2019-01-08[09:54:10][INF]:m_bThreadStop is false
2019-01-08[09:54:10][INF]:ListenTaskMain socket bind err
2019-01-08[09:54:12][INF]:m_bThreadStop is false
2019-01-08[09:54:12][INF]:ListenTaskMain socket bind err
2019-01-08[09:54:14][INF]:m_bThreadStop is false
2019-01-08[09:54:14][INF]:ListenTaskMain socket bind err
2019-01-08[09:54:16][INF]:m_bThreadStop is false
2019-01-08[09:54:16][INF]:ListenTaskMain socket bind err
2019-01-08[09:54:21][INF]:==== CSERVER2TCP 服务启动 ====
2019-01-08[09:54:21][INF]:m_bThreadStop is false
2019-01-08[09:54:21][INF]:finish socket bind listen
2019-01-08[09:54:21][INF]:start thread MultiThreadFunc UdpFindThreadFunc
2019-01-08[09:54:22][INF]:m_bUninit FALSE
2019-01-08[09:54:22][INF]:FindObjList(dwtempIP)==1
2019-01-08[09:54:22][INF]:**** Accept2Process 服务开始 ***
2019-01-08[09:54:22][INF]:before select,maxfd=913
2019-01-08[09:54:22][INF]:end select
2019-01-08[09:54:22][INF]:p_read_fd
2019-01-08[09:54:22][INF]:FD_ISSET(fd_array[index], p_read_fd)
2019-01-08[09:54:22][INF]:recv common head success
2019-01-08[09:54:22][INF]:CMD_LOGON
2019-01-08[09:54:22][INF]:CMD_LOGON finish
2019-01-08[09:54:22][INF]:finish OnRecvDataPro
2019-01-08[09:54:22][INF]:before select,maxfd=913
2019-01-08[09:54:24][INF]:ListenTaskMain select 00000
2019-01-08[09:54:25][INF]:end select
2019-01-08[09:54:25][INF]:ret == 0
2019-01-08[09:54:25][INF]:before select,maxfd=913
2019-01-08[09:54:26][INF]:ListenTaskMain select 00000
2019-01-08[09:54:28][INF]:ListenTaskMain select 00000
2019-01-08[09:54:28][INF]:end select
2019-01-08[09:54:28][INF]:ret == 0
2019-01-08[09:54:28][INF]:before select,maxfd=913
2019-01-08[09:54:30][INF]:ListenTaskMain select 00000
2019-01-08[09:54:31][INF]:end select
2019-01-08[09:54:31][INF]:ret == 0
2019-01-08[09:54:31][INF]:before select,maxfd=913
2019-01-08[09:54:32][INF]:ListenTaskMain select 00000
2019-01-08[09:54:34][INF]:ListenTaskMain select 00000
2019-01-08[09:54:34][INF]:end select
2019-01-08[09:54:34][INF]:ret == 0
2019-01-08[09:54:34][INF]:before select,maxfd=913
2019-01-08[09:54:36][INF]:ListenTaskMain select 00000
2019-01-08[09:54:37][INF]:end select
2019-01-08[09:54:37][INF]:ret == 0
2019-01-08[09:54:37][INF]:before select,maxfd=913
2019-01-08[09:54:37][INF]:end select
2019-01-08[09:54:37][INF]:p_read_fd
2019-01-08[09:54:37][INF]:FD_ISSET(fd_array[index], p_read_fd)
2019-01-08[09:54:37][INF]:recv common head success
2019-01-08[09:54:37][INF]:CMD_MESSAGE
2019-01-08[09:54:37][INF]:MSG_TYPE_SNAP
2019-01-08[09:54:37][INF]:MSG_TYPE_SNAP finish
2019-01-08[09:54:37][INF]:finish OnRecvDataPro
2019-01-08[09:54:37][INF]:before select,maxfd=913
2019-01-08[09:54:37][INF]:end select
2019-01-08[09:54:37][INF]:p_read_fd
2019-01-08[09:54:37][INF]:FD_ISSET(fd_array[index], p_read_fd)
2019-01-08[09:54:37][INF]:recv common head success
2019-01-08[09:54:37][INF]:CMD_MESSAGE
2019-01-08[09:54:37][INF]:MSG_TYPE_SNAP
2019-01-08[09:54:37][INF]:MSG_TYPE_SNAP finish
2019-01-08[09:54:37][INF]:finish OnRecvDataPro
2019-01-08[09:54:37][INF]:before select,maxfd=913
2019-01-08[09:54:38][INF]:ListenTaskMain select 00000
2019-01-08[09:54:40][INF]:ListenTaskMain select 00000
2019-01-08[09:54:40][INF]:end select
2019-01-08[09:54:40][INF]:ret == 0
2019-01-08[09:54:40][INF]:before select,maxfd=913
2019-01-08[09:54:42][INF]:ListenTaskMain select 00000
2019-01-08[09:54:43][INF]:end select
2019-01-08[09:54:43][INF]:ret == 0
2019-01-08[09:54:43][INF]:before select,maxfd=913
2019-01-08[09:54:44][INF]:ListenTaskMain select 00000
2019-01-08[09:54:45][INF]:end select
2019-01-08[09:54:45][INF]:p_read_fd
2019-01-08[09:54:45][INF]:FD_ISSET(fd_array[index], p_read_fd)
2019-01-08[09:54:45][INF]:recv common head success
2019-01-08[09:54:45][INF]:CMD_MESSAGE
2019-01-08[09:54:45][INF]:MSG_TYPE_SNAP
2019-01-08[09:54:45][INF]:MSG_TYPE_SNAP finish
2019-01-08[09:54:45][INF]:finish OnRecvDataPro
2019-01-08[09:54:45][INF]:before select,maxfd=913
2019-01-08[09:54:46][INF]:ListenTaskMain select 00000
2019-01-08[09:54:46][INF]:end select
2019-01-08[09:54:46][INF]:p_read_fd
2019-01-08[09:54:46][INF]:FD_ISSET(fd_array[index], p_read_fd)
2019-01-08[09:54:46][INF]:recv common head success
2019-01-08[09:54:46][INF]:CMD_MESSAGE
2019-01-08[09:54:46][INF]:MSG_TYPE_VERIFY
2019-01-08[09:54:46][INF]:MSG_TYPE_VERIFY finish
2019-01-08[09:54:46][INF]:finish OnRecvDataPro
2019-01-08[09:54:46][INF]:before select,maxfd=913
2019-01-08[09:54:46][INF]:end select
2019-01-08[09:54:46][INF]:p_read_fd
2019-01-08[09:54:46][INF]:FD_ISSET(fd_array[index], p_read_fd)
2019-01-08[09:54:46][INF]:recv common head success
2019-01-08[09:54:46][INF]:CMD_MESSAGE
2019-01-08[09:54:46][INF]:MSG_TYPE_SNAP
2019-01-08[09:54:46][INF]:MSG_TYPE_SNAP finish
2019-01-08[09:54:46][INF]:finish OnRecvDataPro
2019-01-08[09:54:46][INF]:before select,maxfd=913
2019-01-08[09:54:46][INF]:end select
2019-01-08[09:54:46][INF]:p_read_fd
2019-01-08[09:54:46][INF]:FD_ISSET(fd_array[index], p_read_fd)
2019-01-08[09:54:46][INF]:recv common head success
2019-01-08[09:54:46][INF]:CMD_MESSAGE
2019-01-08[09:54:46][INF]:MSG_TYPE_SNAP
2019-01-08[09:54:46][INF]:MSG_TYPE_SNAP finish
2019-01-08[09:54:46][INF]:finish OnRecvDataPro
2019-01-08[09:54:46][INF]:before select,maxfd=913
2019-01-08[09:54:48][INF]:end select
2019-01-08[09:54:48][INF]:p_read_fd
2019-01-08[09:54:48][INF]:FD_ISSET(fd_array[index], p_read_fd)
2019-01-08[09:54:48][INF]:recv common head success
2019-01-08[09:54:48][INF]:CMD_MESSAGE
2019-01-08[09:54:48][INF]:MSG_TYPE_SNAP
2019-01-08[09:54:48][INF]:MSG_TYPE_SNAP finish
2019-01-08[09:54:48][INF]:finish OnRecvDataPro
2019-01-08[09:54:48][INF]:before select,maxfd=913
2019-01-08[09:54:48][INF]:ListenTaskMain select 00000
2019-01-08[09:54:50][INF]:ListenTaskMain select 00000
2019-01-08[09:54:51][INF]:end select
2019-01-08[09:54:51][INF]:ret == 0
2019-01-08[09:54:51][INF]:before select,maxfd=913
2019-01-08[09:54:52][INF]:ListenTaskMain select 00000
2019-01-08[09:54:54][INF]:end select
2019-01-08[09:54:54][INF]:ret == 0
2019-01-08[09:54:54][INF]:before select,maxfd=913
2019-01-08[09:54:54][INF]:ListenTaskMain select 00000
2019-01-08[09:54:56][INF]:ListenTaskMain select 00000
2019-01-08[09:54:57][INF]:end select
2019-01-08[09:54:57][INF]:ret == 0
2019-01-08[09:54:57][INF]:before select,maxfd=913
2019-01-08[09:54:58][INF]:ListenTaskMain select 00000
2019-01-08[09:55:00][INF]:end select
2019-01-08[09:55:00][INF]:ret == 0
2019-01-08[09:55:00][INF]:before select,maxfd=913
2019-01-08[09:55:00][INF]:ListenTaskMain select 00000
2019-01-08[09:55:02][INF]:ListenTaskMain select 00000
2019-01-08[09:55:03][INF]:end select
2019-01-08[09:55:03][INF]:ret == 0
2019-01-08[09:55:03][INF]:before select,maxfd=913
2019-01-08[09:55:04][INF]:ListenTaskMain select 00000
2019-01-08[09:55:06][INF]:end select
2019-01-08[09:55:06][INF]:ret == 0
2019-01-08[09:55:06][INF]:before select,maxfd=913
2019-01-08[09:55:06][INF]:ListenTaskMain select 00000
2019-01-08[09:55:07][INF]:end select
2019-01-08[09:55:07][INF]:p_read_fd
2019-01-08[09:55:07][INF]:FD_ISSET(fd_array[index], p_read_fd)
2019-01-08[09:55:07][INF]:recv common head success
2019-01-08[09:55:07][INF]:CMD_MESSAGE
2019-01-08[09:55:07][INF]:MSG_TYPE_SNAP
2019-01-08[09:55:07][INF]:MSG_TYPE_SNAP finish
2019-01-08[09:55:07][INF]:finish OnRecvDataPro
2019-01-08[09:55:07][INF]:before select,maxfd=913
2019-01-08[09:55:08][INF]:ListenTaskMain select 00000
2019-01-08[09:55:09][INF]:end select
2019-01-08[09:55:09][INF]:p_read_fd
2019-01-08[09:55:09][INF]:FD_ISSET(fd_array[index], p_read_fd)
2019-01-08[09:55:09][INF]:recv common head success
2019-01-08[09:55:09][INF]:CMD_MESSAGE
2019-01-08[09:55:09][INF]:MSG_TYPE_SNAP
2019-01-08[09:55:09][INF]:MSG_TYPE_SNAP finish
2019-01-08[09:55:09][INF]:finish OnRecvDataPro
2019-01-08[09:55:09][INF]:before select,maxfd=913
2019-01-08[09:55:10][INF]:ListenTaskMain select 00000
2019-01-08[09:55:10][INF]:end select
2019-01-08[09:55:10][INF]:p_read_fd
2019-01-08[09:55:10][INF]:FD_ISSET(fd_array[index], p_read_fd)
2019-01-08[09:55:10][INF]:recv common head success
2019-01-08[09:55:10][INF]:CMD_MESSAGE
2019-01-08[09:55:10][INF]:MSG_TYPE_SNAP
2019-01-08[09:55:10][INF]:MSG_TYPE_SNAP finish
2019-01-08[09:55:10][INF]:finish OnRecvDataPro
2019-01-08[09:55:10][INF]:before select,maxfd=913
2019-01-08[09:55:10][INF]:end select
2019-01-08[09:55:10][INF]:p_read_fd
2019-01-08[09:55:10][INF]:FD_ISSET(fd_array[index], p_read_fd)
2019-01-08[09:55:10][INF]:recv common head success
2019-01-08[09:55:10][INF]:CMD_MESSAGE
2019-01-08[09:55:10][INF]:MSG_TYPE_SNAP
2019-01-08[09:55:10][INF]:MSG_TYPE_SNAP finish
2019-01-08[09:55:10][INF]:finish OnRecvDataPro
2019-01-08[09:55:10][INF]:before select,maxfd=913
2019-01-08[09:55:12][INF]:ListenTaskMain select 00000
2019-01-08[09:55:13][INF]:end select
2019-01-08[09:55:13][INF]:ret == 0
2019-01-08[09:55:13][INF]:before select,maxfd=913
2019-01-08[09:55:14][INF]:ListenTaskMain select 00000
2019-01-08[09:55:16][INF]:ListenTaskMain select 00000
2019-01-08[09:55:16][INF]:end select
2019-01-08[09:55:16][INF]:ret == 0
2019-01-08[09:55:16][INF]:before select,maxfd=913
2019-01-08[09:55:18][INF]:ListenTaskMain select 00000
2019-01-08[09:55:19][INF]:end select
2019-01-08[09:55:19][INF]:ret == 0
2019-01-08[09:55:19][INF]:before select,maxfd=913
2019-01-08[09:55:20][INF]:ListenTaskMain select 00000
2019-01-08[09:55:22][INF]:ListenTaskMain select 00000
2019-01-08[09:55:22][INF]:end select
2019-01-08[09:55:22][INF]:ret == 0
2019-01-08[09:55:22][INF]:before select,maxfd=913
2019-01-08[09:55:24][INF]:ListenTaskMain select 00000
2019-01-08[09:55:25][INF]:end select
2019-01-08[09:55:25][INF]:ret == 0
2019-01-08[09:55:25][INF]:before select,maxfd=913
2019-01-08[09:55:26][INF]:ListenTaskMain select 00000
2019-01-08[09:55:28][INF]:ListenTaskMain select 00000
2019-01-08[09:55:28][INF]:end select
2019-01-08[09:55:28][INF]:ret == 0
2019-01-08[09:55:28][INF]:before select,maxfd=913
2019-01-08[09:55:30][INF]:ListenTaskMain select 00000
2019-01-08[09:55:31][INF]:end select
2019-01-08[09:55:31][INF]:ret == 0
2019-01-08[09:55:31][INF]:before select,maxfd=913
2019-01-08[09:55:31][INF]:end select
2019-01-08[09:55:31][INF]:p_read_fd
2019-01-08[09:55:31][INF]:FD_ISSET(fd_array[index], p_read_fd)
2019-01-08[09:55:31][INF]:recv common head success
2019-01-08[09:55:31][INF]:CMD_HEARBEAT
2019-01-08[09:55:31][INF]:finish OnRecvDataPro
2019-01-08[09:55:31][INF]:before select,maxfd=913
2019-01-08[09:55:32][INF]:ListenTaskMain select 00000
2019-01-08[09:55:34][INF]:ListenTaskMain select 00000
2019-01-08[09:55:34][INF]:end select
2019-01-08[09:55:34][INF]:ret == 0
2019-01-08[09:55:34][INF]:before select,maxfd=913
2019-01-08[09:55:36][INF]:ListenTaskMain select 00000
2019-01-08[09:55:37][INF]:end select
2019-01-08[09:55:37][INF]:ret == 0
2019-01-08[09:55:37][INF]:before select,maxfd=913
2019-01-08[09:55:38][INF]:ListenTaskMain select 00000
2019-01-08[09:55:40][INF]:ListenTaskMain select 00000
2019-01-08[09:55:40][INF]:end select
2019-01-08[09:55:40][INF]:ret == 0
2019-01-08[09:55:40][INF]:before select,maxfd=913
2019-01-08[09:55:42][INF]:ListenTaskMain select 00000
2019-01-08[09:55:43][INF]:end select
2019-01-08[09:55:43][INF]:ret == 0
2019-01-08[09:55:43][INF]:before select,maxfd=913
2019-01-08[09:55:44][INF]:ListenTaskMain select 00000
2019-01-08[09:55:46][INF]:ListenTaskMain select 00000
2019-01-08[09:55:46][INF]:end select
2019-01-08[09:55:46][INF]:ret == 0
2019-01-08[09:55:46][INF]:before select,maxfd=913
2019-01-08[09:55:48][INF]:ListenTaskMain select 00000
2019-01-08[09:55:49][INF]:end select
2019-01-08[09:55:49][INF]:ret == 0
2019-01-08[09:55:49][INF]:before select,maxfd=913
2019-01-08[09:55:50][INF]:ListenTaskMain select 00000
2019-01-08[09:55:52][INF]:ListenTaskMain select 00000
2019-01-08[09:55:52][INF]:end select
2019-01-08[09:55:52][INF]:ret == 0
2019-01-08[09:55:52][INF]:before select,maxfd=913
2019-01-08[09:55:52][INF]:end select
2019-01-08[09:55:52][INF]:p_read_fd
2019-01-08[09:55:52][INF]:FD_ISSET(fd_array[index], p_read_fd)
2019-01-08[09:55:52][INF]:recv common head success
2019-01-08[09:55:52][INF]:CMD_HEARBEAT
2019-01-08[09:55:52][INF]:finish OnRecvDataPro
2019-01-08[09:55:52][INF]:before select,maxfd=913
2019-01-08[09:55:54][INF]:ListenTaskMain select 00000
2019-01-08[09:55:55][INF]:end select
2019-01-08[09:55:55][INF]:ret == 0
2019-01-08[09:55:55][INF]:before select,maxfd=913
2019-01-08[09:55:56][INF]:ListenTaskMain select 00000
2019-01-08[09:55:58][INF]:ListenTaskMain select 00000
2019-01-08[09:55:58][INF]:end select
2019-01-08[09:55:58][INF]:ret == 0
2019-01-08[09:55:58][INF]:before select,maxfd=913
2019-01-08[09:56:00][INF]:ListenTaskMain select 00000
2019-01-08[09:56:01][INF]:end select
2019-01-08[09:56:01][INF]:ret == 0
2019-01-08[09:56:01][INF]:before select,maxfd=913
2019-01-08[09:56:02][INF]:ListenTaskMain select 00000
2019-01-08[09:56:04][INF]:ListenTaskMain select 00000
2019-01-08[09:56:04][INF]:end select
2019-01-08[09:56:04][INF]:ret == 0
2019-01-08[09:56:04][INF]:before select,maxfd=913
2019-01-08[09:56:06][INF]:ListenTaskMain select 00000
2019-01-08[09:56:07][INF]:end select
2019-01-08[09:56:07][INF]:ret == 0
2019-01-08[09:56:07][INF]:before select,maxfd=913
2019-01-08[09:56:08][INF]:ListenTaskMain select 00000
2019-01-08[09:56:10][INF]:ListenTaskMain select 00000
2019-01-08[09:56:10][INF]:end select
2019-01-08[09:56:10][INF]:ret == 0
2019-01-08[09:56:10][INF]:before select,maxfd=913
2019-01-08[09:56:12][INF]:ListenTaskMain select 00000
2019-01-08[09:56:13][INF]:end select
2019-01-08[09:56:13][INF]:ret == 0
2019-01-08[09:56:13][INF]:before select,maxfd=913
2019-01-08[09:56:13][INF]:end select
2019-01-08[09:56:13][INF]:p_read_fd
2019-01-08[09:56:13][INF]:FD_ISSET(fd_array[index], p_read_fd)
2019-01-08[09:56:13][INF]:recv common head success
2019-01-08[09:56:13][INF]:CMD_HEARBEAT
2019-01-08[09:56:13][INF]:finish OnRecvDataPro
2019-01-08[09:56:13][INF]:before select,maxfd=913
2019-01-08[09:56:14][INF]:ListenTaskMain select 00000
2019-01-08[09:56:16][INF]:ListenTaskMain select 00000
2019-01-08[09:56:16][INF]:end select
2019-01-08[09:56:16][INF]:ret == 0
2019-01-08[09:56:16][INF]:before select,maxfd=913
2019-01-08[09:56:18][INF]:ListenTaskMain select 00000
2019-01-08[09:56:19][INF]:end select
2019-01-08[09:56:19][INF]:ret == 0
2019-01-08[09:56:19][INF]:before select,maxfd=913
2019-01-08[09:56:20][INF]:ListenTaskMain select 00000
2019-01-08[09:56:22][INF]:ListenTaskMain select 00000
2019-01-08[09:56:22][INF]:end select
2019-01-08[09:56:22][INF]:ret == 0
2019-01-08[09:56:22][INF]:before select,maxfd=913
2019-01-08[09:56:24][INF]:ListenTaskMain select 00000
2019-01-08[09:56:25][INF]:end select
2019-01-08[09:56:25][INF]:ret == 0
2019-01-08[09:56:25][INF]:before select,maxfd=913
2019-01-08[09:56:26][INF]:ListenTaskMain select 00000
2019-01-08[09:56:28][INF]:ListenTaskMain select 00000
2019-01-08[09:56:28][INF]:end select
2019-01-08[09:56:28][INF]:ret == 0
2019-01-08[09:56:28][INF]:before select,maxfd=913
2019-01-08[09:56:30][INF]:ListenTaskMain select 00000
2019-01-08[09:56:31][INF]:end select
2019-01-08[09:56:31][INF]:ret == 0
2019-01-08[09:56:31][INF]:before select,maxfd=913
2019-01-08[09:56:32][INF]:ListenTaskMain select 00000
2019-01-08[09:56:34][INF]:ListenTaskMain select 00000
2019-01-08[09:56:34][INF]:end select
2019-01-08[09:56:34][INF]:ret == 0
2019-01-08[09:56:34][INF]:before select,maxfd=913
2019-01-08[09:56:34][INF]:end select
2019-01-08[09:56:34][INF]:p_read_fd
2019-01-08[09:56:34][INF]:FD_ISSET(fd_array[index], p_read_fd)
2019-01-08[09:56:34][INF]:recv common head success
2019-01-08[09:56:34][INF]:CMD_HEARBEAT
2019-01-08[09:56:34][INF]:finish OnRecvDataPro
2019-01-08[09:56:34][INF]:before select,maxfd=913
2019-01-08[09:56:36][INF]:ListenTaskMain select 00000
2019-01-08[09:56:37][INF]:end select
2019-01-08[09:56:37][INF]:ret == 0
2019-01-08[09:56:37][INF]:before select,maxfd=913
2019-01-08[09:56:38][INF]:ListenTaskMain select 00000
2019-01-08[09:56:40][INF]:ListenTaskMain select 00000
2019-01-08[09:56:40][INF]:end select
2019-01-08[09:56:40][INF]:ret == 0
2019-01-08[09:56:40][INF]:before select,maxfd=913
2019-01-08[09:56:42][INF]:ListenTaskMain select 00000
2019-01-08[09:56:43][INF]:end select
2019-01-08[09:56:43][INF]:ret == 0
2019-01-08[09:56:43][INF]:before select,maxfd=913
2019-01-08[09:56:44][INF]:ListenTaskMain select 00000
2019-01-08[09:56:46][INF]:ListenTaskMain select 00000
2019-01-08[09:56:46][INF]:end select
2019-01-08[09:56:46][INF]:ret == 0
2019-01-08[09:56:46][INF]:before select,maxfd=913
2019-01-08[09:56:48][INF]:ListenTaskMain select 00000
2019-01-08[09:56:49][INF]:end select
2019-01-08[09:56:49][INF]:ret == 0
2019-01-08[09:56:49][INF]:before select,maxfd=913
2019-01-08[09:56:50][INF]:ListenTaskMain select 00000
2019-01-08[09:56:52][INF]:ListenTaskMain select 00000
2019-01-08[09:56:52][INF]:end select
2019-01-08[09:56:52][INF]:ret == 0
2019-01-08[09:56:52][INF]:before select,maxfd=913
2019-01-08[09:56:54][INF]:ListenTaskMain select 00000
2019-01-08[09:56:55][INF]:end select
2019-01-08[09:56:55][INF]:ret == 0
2019-01-08[09:56:55][INF]:*** Accept2Process 服务停止 ***
2019-01-08[09:58:39][INF]:==== CSERVER2TCP 服务启动 ====
2019-01-08[09:58:39][INF]:m_bThreadStop is false
2019-01-08[09:58:39][INF]:finish socket bind listen
2019-01-08[09:58:39][INF]:start thread MultiThreadFunc UdpFindThreadFunc
2019-01-08[09:58:41][INF]:ListenTaskMain select 00000
2019-01-08[09:58:43][INF]:ListenTaskMain select 00000
2019-01-08[09:58:43][INF]:m_bUninit FALSE
2019-01-08[09:58:43][INF]:FindObjList(dwtempIP)==1
2019-01-08[09:58:43][INF]:**** Accept2Process 服务开始 ***
2019-01-08[09:58:43][INF]:before select,maxfd=913
2019-01-08[09:58:43][INF]:end select
2019-01-08[09:58:43][INF]:p_read_fd
2019-01-08[09:58:43][INF]:FD_ISSET(fd_array[index], p_read_fd)
2019-01-08[09:58:43][INF]:recv common head success
2019-01-08[09:58:43][INF]:CMD_LOGON
2019-01-08[09:58:43][INF]:CMD_LOGON finish
2019-01-08[09:58:43][INF]:finish OnRecvDataPro
2019-01-08[09:58:43][INF]:before select,maxfd=913
2019-01-08[09:58:45][INF]:ListenTaskMain select 00000
2019-01-08[09:58:46][INF]:end select
2019-01-08[09:58:46][INF]:ret == 0
2019-01-08[09:58:46][INF]:before select,maxfd=913
2019-01-08[09:58:47][INF]:ListenTaskMain select 00000
2019-01-08[09:58:49][INF]:ListenTaskMain select 00000
2019-01-08[09:58:49][INF]:end select
2019-01-08[09:58:49][INF]:ret == 0
2019-01-08[09:58:49][INF]:before select,maxfd=913
2019-01-08[09:58:51][INF]:ListenTaskMain select 00000
2019-01-08[09:58:52][INF]:end select
2019-01-08[09:58:52][INF]:ret == 0
2019-01-08[09:58:52][INF]:before select,maxfd=913
2019-01-08[09:58:53][INF]:ListenTaskMain select 00000
2019-01-08[09:58:54][INF]:end select
2019-01-08[09:58:54][INF]:p_read_fd
2019-01-08[09:58:54][INF]:FD_ISSET(fd_array[index], p_read_fd)
2019-01-08[09:58:54][INF]:recv common head success
2019-01-08[09:58:54][INF]:CMD_MESSAGE
2019-01-08[09:58:54][INF]:MSG_TYPE_SNAP
2019-01-08[09:58:54][INF]:MSG_TYPE_SNAP finish
2019-01-08[09:58:54][INF]:finish OnRecvDataPro
2019-01-08[09:58:54][INF]:before select,maxfd=913
2019-01-08[09:58:55][INF]:ListenTaskMain select 00000
2019-01-08[09:58:55][INF]:end select
2019-01-08[09:58:55][INF]:p_read_fd
2019-01-08[09:58:55][INF]:FD_ISSET(fd_array[index], p_read_fd)
2019-01-08[09:58:55][INF]:recv common head success
2019-01-08[09:58:55][INF]:CMD_MESSAGE
2019-01-08[09:58:55][INF]:MSG_TYPE_SNAP
2019-01-08[09:58:55][INF]:MSG_TYPE_SNAP finish
2019-01-08[09:58:55][INF]:finish OnRecvDataPro
2019-01-08[09:58:55][INF]:before select,maxfd=913
2019-01-08[09:58:55][INF]:end select
2019-01-08[09:58:55][INF]:p_read_fd
2019-01-08[09:58:55][INF]:FD_ISSET(fd_array[index], p_read_fd)
2019-01-08[09:58:55][INF]:recv common head success
2019-01-08[09:58:55][INF]:CMD_MESSAGE
2019-01-08[09:58:55][INF]:MSG_TYPE_VERIFY
2019-01-08[09:58:55][INF]:MSG_TYPE_VERIFY finish
2019-01-08[09:58:55][INF]:finish OnRecvDataPro
2019-01-08[09:58:55][INF]:before select,maxfd=913
2019-01-08[09:58:55][INF]:end select
2019-01-08[09:58:55][INF]:p_read_fd
2019-01-08[09:58:55][INF]:FD_ISSET(fd_array[index], p_read_fd)
2019-01-08[09:58:55][INF]:recv common head success
2019-01-08[09:58:55][INF]:CMD_MESSAGE
2019-01-08[09:58:55][INF]:MSG_TYPE_SNAP
2019-01-08[09:58:55][INF]:MSG_TYPE_SNAP finish
2019-01-08[09:58:55][INF]:finish OnRecvDataPro
2019-01-08[09:58:55][INF]:before select,maxfd=913
2019-01-08[09:58:57][INF]:end select
2019-01-08[09:58:57][INF]:p_read_fd
2019-01-08[09:58:57][INF]:FD_ISSET(fd_array[index], p_read_fd)
2019-01-08[09:58:57][INF]:recv common head success
2019-01-08[09:58:57][INF]:CMD_MESSAGE
2019-01-08[09:58:57][INF]:MSG_TYPE_SNAP
2019-01-08[09:58:57][INF]:MSG_TYPE_SNAP finish
2019-01-08[09:58:57][INF]:finish OnRecvDataPro
2019-01-08[09:58:57][INF]:before select,maxfd=913
2019-01-08[09:58:57][INF]:end select
2019-01-08[09:58:57][INF]:p_read_fd
2019-01-08[09:58:57][INF]:FD_ISSET(fd_array[index], p_read_fd)
2019-01-08[09:58:57][INF]:recv common head success
2019-01-08[09:58:57][INF]:CMD_MESSAGE
2019-01-08[09:58:57][INF]:MSG_TYPE_SNAP
2019-01-08[09:58:57][INF]:MSG_TYPE_SNAP finish
2019-01-08[09:58:57][INF]:finish OnRecvDataPro
2019-01-08[09:58:57][INF]:before select,maxfd=913
2019-01-08[09:58:57][INF]:ListenTaskMain select 00000
2019-01-08[09:58:59][INF]:ListenTaskMain select 00000
2019-01-08[09:59:00][INF]:end select
2019-01-08[09:59:00][INF]:ret == 0
2019-01-08[09:59:00][INF]:before select,maxfd=913
2019-01-08[09:59:01][INF]:ListenTaskMain select 00000
2019-01-08[09:59:03][INF]:end select
2019-01-08[09:59:03][INF]:ret == 0
2019-01-08[09:59:03][INF]:before select,maxfd=913
2019-01-08[09:59:03][INF]:ListenTaskMain select 00000
2019-01-08[09:59:05][INF]:ListenTaskMain select 00000
2019-01-08[09:59:06][INF]:end select
2019-01-08[09:59:06][INF]:ret == 0
2019-01-08[09:59:06][INF]:before select,maxfd=913
2019-01-08[09:59:07][INF]:ListenTaskMain select 00000
2019-01-08[09:59:09][INF]:end select
2019-01-08[09:59:09][INF]:ret == 0
2019-01-08[09:59:09][INF]:before select,maxfd=913
2019-01-08[09:59:09][INF]:ListenTaskMain select 00000
2019-01-08[09:59:11][INF]:ListenTaskMain select 00000
2019-01-08[09:59:12][INF]:end select
2019-01-08[09:59:12][INF]:ret == 0
2019-01-08[09:59:12][INF]:before select,maxfd=913
2019-01-08[09:59:13][INF]:ListenTaskMain select 00000
2019-01-08[09:59:15][INF]:end select
2019-01-08[09:59:15][INF]:ret == 0
2019-01-08[09:59:15][INF]:before select,maxfd=913
2019-01-08[09:59:15][INF]:ListenTaskMain select 00000
2019-01-08[09:59:17][INF]:ListenTaskMain select 00000
2019-01-08[09:59:18][INF]:end select
2019-01-08[09:59:18][INF]:ret == 0
2019-01-08[09:59:18][INF]:before select,maxfd=913
2019-01-08[09:59:18][INF]:end select
2019-01-08[09:59:18][INF]:p_read_fd
2019-01-08[09:59:18][INF]:FD_ISSET(fd_array[index], p_read_fd)
2019-01-08[09:59:18][INF]:recv common head success
2019-01-08[09:59:18][INF]:CMD_HEARBEAT
2019-01-08[09:59:18][INF]:finish OnRecvDataPro
2019-01-08[09:59:18][INF]:before select,maxfd=913
2019-01-08[09:59:19][INF]:ListenTaskMain select 00000
2019-01-08[09:59:21][INF]:end select
2019-01-08[09:59:21][INF]:ret == 0
2019-01-08[09:59:21][INF]:before select,maxfd=913
2019-01-08[09:59:21][INF]:ListenTaskMain select 00000
2019-01-08[09:59:23][INF]:ListenTaskMain select 00000
2019-01-08[09:59:24][INF]:end select
2019-01-08[09:59:24][INF]:ret == 0
2019-01-08[09:59:24][INF]:before select,maxfd=913
2019-01-08[09:59:25][INF]:ListenTaskMain select 00000
2019-01-08[09:59:27][INF]:end select
2019-01-08[09:59:27][INF]:ret == 0
2019-01-08[09:59:27][INF]:before select,maxfd=913
2019-01-08[09:59:27][INF]:ListenTaskMain select 00000
2019-01-08[09:59:29][INF]:ListenTaskMain select 00000
2019-01-08[09:59:30][INF]:end select
2019-01-08[09:59:30][INF]:ret == 0
2019-01-08[09:59:30][INF]:before select,maxfd=913
2019-01-08[09:59:31][INF]:ListenTaskMain select 00000
2019-01-08[09:59:33][INF]:end select
2019-01-08[09:59:33][INF]:ret == 0
2019-01-08[09:59:33][INF]:before select,maxfd=913
2019-01-08[09:59:33][INF]:ListenTaskMain select 00000
2019-01-08[09:59:35][INF]:ListenTaskMain select 00000
2019-01-08[09:59:36][INF]:end select
2019-01-08[09:59:36][INF]:ret == 0
2019-01-08[09:59:36][INF]:before select,maxfd=913
2019-01-08[09:59:37][INF]:ListenTaskMain select 00000
2019-01-08[09:59:39][INF]:end select
2019-01-08[09:59:39][INF]:ret == 0
2019-01-08[09:59:39][INF]:before select,maxfd=913
2019-01-08[09:59:39][INF]:end select
2019-01-08[09:59:39][INF]:p_read_fd
2019-01-08[09:59:39][INF]:FD_ISSET(fd_array[index], p_read_fd)
2019-01-08[09:59:39][INF]:recv common head success
2019-01-08[09:59:39][INF]:CMD_HEARBEAT
2019-01-08[09:59:39][INF]:finish OnRecvDataPro
2019-01-08[09:59:39][INF]:before select,maxfd=913
2019-01-08[09:59:39][INF]:ListenTaskMain select 00000
2019-01-08[09:59:41][INF]:ListenTaskMain select 00000
2019-01-08[09:59:42][INF]:end select
2019-01-08[09:59:42][INF]:ret == 0
2019-01-08[09:59:42][INF]:before select,maxfd=913
2019-01-08[09:59:43][INF]:ListenTaskMain select 00000
2019-01-08[09:59:45][INF]:end select
2019-01-08[09:59:45][INF]:ret == 0
2019-01-08[09:59:45][INF]:before select,maxfd=913
2019-01-08[09:59:45][INF]:ListenTaskMain select 00000
2019-01-08[09:59:47][INF]:ListenTaskMain select 00000
2019-01-08[09:59:48][INF]:end select
2019-01-08[09:59:48][INF]:ret == 0
2019-01-08[09:59:48][INF]:before select,maxfd=913
2019-01-08[09:59:49][INF]:ListenTaskMain select 00000
2019-01-08[09:59:51][INF]:end select
2019-01-08[09:59:51][INF]:ret == 0
2019-01-08[09:59:51][INF]:before select,maxfd=913
2019-01-08[09:59:51][INF]:ListenTaskMain select 00000
2019-01-08[09:59:53][INF]:ListenTaskMain select 00000
2019-01-08[09:59:54][INF]:end select
2019-01-08[09:59:54][INF]:ret == 0
2019-01-08[09:59:54][INF]:before select,maxfd=913
2019-01-08[09:59:55][INF]:ListenTaskMain select 00000
2019-01-08[09:59:57][INF]:end select
2019-01-08[09:59:57][INF]:ret == 0
2019-01-08[09:59:57][INF]:before select,maxfd=913
2019-01-08[09:59:57][INF]:ListenTaskMain select 00000
2019-01-08[09:59:59][INF]:ListenTaskMain select 00000
